<?xml version="1.0" encoding="UTF-8"?>
<robot generator="Robot 7.0 (Python 3.9.0 on win32)" generated="2025-07-04T01:56:51.715042" rpa="false" schemaversion="5">
<suite id="s1" name="Test Suit" source="D:\PythonStudy\robotframework\test\test_suit.robot">
<test id="s1-t1" name="Test Baidu Search" line="9">
<kw name="Open Browser" owner="SeleniumLibrary">
<msg time="2025-07-04T01:56:51.888058" level="INFO">Opening browser 'chrome' to base url 'https://www.baidu.com'.</msg>
<arg>${URL}</arg>
<arg>${BROWSER}</arg>
<doc>Opens a new browser instance to the optional ``url``.</doc>
<status status="PASS" start="2025-07-04T01:56:51.887042" elapsed="2.273616"/>
</kw>
<kw name="Maximize Browser Window" owner="SeleniumLibrary">
<doc>Maximizes current browser window.</doc>
<status status="PASS" start="2025-07-04T01:56:54.162165" elapsed="0.193627"/>
</kw>
<kw name="Input Text" owner="SeleniumLibrary">
<msg time="2025-07-04T01:56:54.359797" level="INFO">Typing text 'Robot Framework' into text field 'id=kw'.</msg>
<arg>id=kw</arg>
<arg>Robot Framework</arg>
<doc>Types the given ``text`` into the text field identified by ``locator``.</doc>
<status status="PASS" start="2025-07-04T01:56:54.357795" elapsed="0.253243"/>
</kw>
<kw name="Click Button" owner="SeleniumLibrary">
<msg time="2025-07-04T01:56:54.612037" level="INFO">Clicking button 'id=su'.</msg>
<arg>id=su</arg>
<doc>Clicks the button identified by ``locator``.</doc>
<status status="PASS" start="2025-07-04T01:56:54.611038" elapsed="0.055123"/>
</kw>
<kw name="Wait Until Page Contains" owner="SeleniumLibrary">
<arg>结果</arg>
<doc>Waits until ``text`` appears on the current page.</doc>
<status status="PASS" start="2025-07-04T01:56:54.666667" elapsed="0.822185"/>
</kw>
<kw name="Close Browser" owner="SeleniumLibrary">
<doc>Closes the current browser.</doc>
<status status="PASS" start="2025-07-04T01:56:55.488852" elapsed="2.092171"/>
</kw>
<status status="PASS" start="2025-07-04T01:56:51.887042" elapsed="5.694987"/>
</test>
<status status="PASS" start="2025-07-04T01:56:51.718087" elapsed="5.866282"/>
</suite>
<statistics>
<total>
<stat pass="1" fail="0" skip="0">All Tests</stat>
</total>
<tag>
</tag>
<suite>
<stat pass="1" fail="0" skip="0" id="s1" name="Test Suit">Test Suit</stat>
</suite>
</statistics>
<errors>
</errors>
</robot>
